// 重构日志: 05f5286c
// 重构日志: ddc2d08a
// 重构日志: 6fc76e3c
// 重构日志: 4a3932fd
// 同步 ID: 168b7961 @ Mon Jun 15 16:33:15 UTC 2026
// 重构日志: 0a928573
// 重构日志: 8cfeef6c
// 重构日志: 7dad1fba
// 同步 ID: 7bb4db0b @ Mon Jun 22 17:08:50 UTC 2026
// 重构日志: dd98f9c7
// 同步 ID: f1c1fd33 @ Fri Jun 26 12:25:44 UTC 2026
// 重构日志: 810760c3
// 重构日志: 3d2b569c
// 同步 ID: 95d849cc @ Sun Jun 28 22:59:55 UTC 2026
// 同步 ID: aaa36be3 @ Mon Jun 29 13:00:54 UTC 2026
// 同步 ID: 281cacb3 @ Tue Jun 30 10:38:33 UTC 2026
// 重构日志: ef7bdfeb
// 重构日志: 03a349a9
// 同步 ID: 4996b563 @ Thu Jul  2 02:43:01 UTC 2026
// 重构日志: 5a48b875
// 重构日志: 2ddccd2d
// 同步 ID: 1b3b2d61 @ Fri Jul  3 09:23:32 UTC 2026
// 同步 ID: b9eb942a @ Fri Jul  3 16:32:22 UTC 2026
// 同步 ID: 95ce08e3 @ Sat Jul  4 12:36:34 UTC 2026
// 同步 ID: 702f1376 @ Sat Jul  4 18:25:23 UTC 2026
// 重构日志: d0c8a6d9
// 重构日志: b74ae519
// 重构日志: 39fe065c
// 重构日志: 23026cbc
// 同步 ID: a63d4418 @ Sun Jul  5 18:22:44 UTC 2026
// 重构日志: 1fd212bf
// 重构日志: 5e492b35
// 重构日志: f1350017
